This is pdfTeX, Version 3.14159265-2.6-1.40.20 (TeX Live 2019) (preloaded format=pdflatex 2020.2.11)  29 NOV 2021 10:08
entering extended mode
 restricted \write18 enabled.
 %&-line parsing enabled.
**Moudle2_beamer.tex
(./Moudle2_beamer.tex
LaTeX2e <2020-02-02> patch level 1
L3 programming layer <2020-02-08>

! LaTeX Error: File `beamer.cls' not found.

Type X to quit or <RETURN> to proceed,
or enter new name. (Default extension: cls)

Enter file name: 
! Emergency stop.
<read *> 
         
l.2 \setbeamertemplate
                      {caption}[numbered]^^M 
Here is how much of TeX's memory you used:
 23 strings out of 483167
 490 string characters out of 5965535
 231333 words of memory out of 5000000
 15142 multiletter control sequences out of 15000+600000
 532338 words of font info for 24 fonts, out of 8000000 for 9000
 14 hyphenation exceptions out of 8191
 14i,0n,17p,93b,10s stack positions out of 5000i,500n,10000p,200000b,80000s

!  ==> Fatal error occurred, no output PDF file produced!
